<?xml version="1.0" encoding="UTF-8"?>
<!-- Generated by org.testng.reporters.JUnitReportReporter -->
<testsuite hostname="SD-IND-L003" failures="0" tests="6" name="SilverDoor.Orbirelo.testcases.LoginPageTest" time="21.900" errors="0" timestamp="2022-05-19T21:20:38 IST" skipped="1">
  <testcase classname="SilverDoor.Orbirelo.testcases.LoginPageTest" name="loginPageTitleTest" time="3.072"/>
  <system-out/>
  <testcase classname="SilverDoor.Orbirelo.testcases.LoginPageTest" name="emptyPwdValidationTest" time="4.674"/>
  <system-out/>
  <testcase classname="SilverDoor.Orbirelo.testcases.LoginPageTest" name="invalidEmailValidationTest" time="4.392"/>
  <system-out/>
  <testcase classname="SilverDoor.Orbirelo.testcases.LoginPageTest" name="invalidPwdValidationTest" time="4.461"/>
  <system-out/>
  <testcase classname="SilverDoor.Orbirelo.testcases.LoginPageTest" name="userLoginTest" time="5.301"/>
  <system-out/>
  <testcase classname="SilverDoor.Orbirelo.testcases.LoginPageTest" name="emptyCredValidationTest">
    <skipped/>
  </testcase> <!-- emptyCredValidationTest -->
  <system-out/>
</testsuite> <!-- SilverDoor.Orbirelo.testcases.LoginPageTest -->
