<?xml version="1.0" encoding="UTF-8"?>
<!-- Generated by org.testng.reporters.JUnitReportReporter -->
<testsuite hostname="SD-IND-L003" failures="0" tests="1" name="SilverDoor.Orbirelo.testcases.ReservationsPageTest" time="17.379" errors="0" timestamp="2022-06-13T23:06:08 IST" skipped="0">
  <testcase classname="SilverDoor.Orbirelo.testcases.ReservationsPageTest" name="getRebookApartmentPage" time="17.379"/>
  <system-out/>
</testsuite> <!-- SilverDoor.Orbirelo.testcases.ReservationsPageTest -->
