<?xml version="1.0" encoding="UTF-8"?>
<!-- Generated by org.testng.reporters.JUnitReportReporter -->
<testsuite hostname="SD-IND-L003" failures="0" tests="9" name="SilverDoor.Orirelo.testcases.MyProfilePageTest" time="108.063" errors="0" timestamp="2022-05-05T14:16:06 IST" skipped="1">
  <testcase classname="SilverDoor.Orirelo.testcases.MyProfilePageTest" name="editSecurity" time="11.311"/>
  <system-out/>
  <testcase classname="SilverDoor.Orirelo.testcases.MyProfilePageTest" name="editPersonalDetails" time="12.473"/>
  <system-out/>
  <testcase classname="SilverDoor.Orirelo.testcases.MyProfilePageTest" name="editAddressDetails" time="12.651"/>
  <system-out/>
  <testcase classname="SilverDoor.Orirelo.testcases.MyProfilePageTest" name="editContactMethodDetails" time="12.920"/>
  <system-out/>
  <testcase classname="SilverDoor.Orirelo.testcases.MyProfilePageTest" name="editMarketingDetails" time="11.730"/>
  <system-out/>
  <testcase classname="SilverDoor.Orirelo.testcases.MyProfilePageTest" name="editAddressDetailsUsingAddressSearch" time="25.113"/>
  <system-out/>
  <testcase classname="SilverDoor.Orirelo.testcases.MyProfilePageTest" name="editSettingDetails" time="12.262"/>
  <system-out/>
  <testcase classname="SilverDoor.Orirelo.testcases.MyProfilePageTest" name="ValidatePageTitle" time="9.603"/>
  <system-out/>
  <testcase classname="SilverDoor.Orirelo.testcases.MyProfilePageTest" name="updateUserPassword">
    <skipped/>
  </testcase> <!-- updateUserPassword -->
  <system-out/>
</testsuite> <!-- SilverDoor.Orirelo.testcases.MyProfilePageTest -->
