<?xml version="1.0" encoding="UTF-8"?>
<!-- Generated by org.testng.reporters.JUnitReportReporter -->
<testsuite hostname="SD-IND-L003" failures="0" tests="6" name="SilverDoor.Orbirelo.testcases.LoginPageTest" time="28.915" errors="0" timestamp="2022-10-26T18:40:11 IST" skipped="1">
  <testcase classname="SilverDoor.Orbirelo.testcases.LoginPageTest" name="loginPageTitleTest" time="4.134"/>
  <system-out/>
  <testcase classname="SilverDoor.Orbirelo.testcases.LoginPageTest" name="emptyPwdValidationTest" time="7.081"/>
  <system-out/>
  <testcase classname="SilverDoor.Orbirelo.testcases.LoginPageTest" name="invalidEmailValidationTest" time="5.411"/>
  <system-out/>
  <testcase classname="SilverDoor.Orbirelo.testcases.LoginPageTest" name="invalidPwdValidationTest" time="5.624"/>
  <system-out/>
  <testcase classname="SilverDoor.Orbirelo.testcases.LoginPageTest" name="userLoginTest" time="6.665"/>
  <system-out/>
  <testcase classname="SilverDoor.Orbirelo.testcases.LoginPageTest" name="emptyCredValidationTest">
    <skipped/>
  </testcase> <!-- emptyCredValidationTest -->
  <system-out/>
</testsuite> <!-- SilverDoor.Orbirelo.testcases.LoginPageTest -->
