<?xml version="1.0" encoding="UTF-8"?>
<!-- Generated by org.testng.reporters.JUnitReportReporter -->
<testsuite hostname="SD-IND-L003" failures="0" tests="16" name="SilverDoor.Orirelo.testcases.ReservationsPageTest" time="263.769" errors="0" timestamp="2022-05-16T21:12:44 IST" skipped="0">
  <testcase classname="SilverDoor.Orirelo.testcases.ReservationsPageTest" name="validateReservationsPageTitle_sideMenu" time="9.661"/>
  <system-out/>
  <testcase classname="SilverDoor.Orirelo.testcases.ReservationsPageTest" name="getDetailsWithReservationNumber_sideMenu" time="10.114"/>
  <system-out/>
  <testcase classname="SilverDoor.Orirelo.testcases.ReservationsPageTest" name="getDetailsWithLeadGuestName_sideMenu" time="15.237"/>
  <system-out/>
  <testcase classname="SilverDoor.Orirelo.testcases.ReservationsPageTest" name="getDetailsWithDates_sideMenu" time="30.231"/>
  <system-out/>
  <testcase classname="SilverDoor.Orirelo.testcases.ReservationsPageTest" name="getDetailsWithCheckInDate_sideMenu" time="13.069"/>
  <system-out/>
  <testcase classname="SilverDoor.Orirelo.testcases.ReservationsPageTest" name="getDetailsWithCheckOutDate_sideMenu" time="19.598"/>
  <system-out/>
  <testcase classname="SilverDoor.Orirelo.testcases.ReservationsPageTest" name="getDetailsWithLocation_sideMenu" time="10.244"/>
  <system-out/>
  <testcase classname="SilverDoor.Orirelo.testcases.ReservationsPageTest" name="getDetailsWithReservationMadeByName_sideMenu" time="24.722"/>
  <system-out/>
  <testcase classname="SilverDoor.Orirelo.testcases.ReservationsPageTest" name="validateReservationsPageTitle_dashboard" time="8.700"/>
  <system-out/>
  <testcase classname="SilverDoor.Orirelo.testcases.ReservationsPageTest" name="getDetailsWithReservationNumber_dashboard" time="10.463"/>
  <system-out/>
  <testcase classname="SilverDoor.Orirelo.testcases.ReservationsPageTest" name="getDetailsWithLeadGuestName_dashboard" time="16.408"/>
  <system-out/>
  <testcase classname="SilverDoor.Orirelo.testcases.ReservationsPageTest" name="getDetailsWithDates_dashboard" time="30.053"/>
  <system-out/>
  <testcase classname="SilverDoor.Orirelo.testcases.ReservationsPageTest" name="getDetailsWithCheckInDate_dashboard" time="11.889"/>
  <system-out/>
  <testcase classname="SilverDoor.Orirelo.testcases.ReservationsPageTest" name="getDetailsWithCheckOutDate_dashboard" time="20.944"/>
  <system-out/>
  <testcase classname="SilverDoor.Orirelo.testcases.ReservationsPageTest" name="getDetailsWithLocation_dashboard" time="9.263"/>
  <system-out/>
  <testcase classname="SilverDoor.Orirelo.testcases.ReservationsPageTest" name="getDetailsWithReservationMadeByName_dashboard" time="23.173"/>
  <system-out/>
</testsuite> <!-- SilverDoor.Orirelo.testcases.ReservationsPageTest -->
