<?xml version="1.0" encoding="UTF-8"?>
<!-- Generated by org.testng.reporters.JUnitReportReporter -->
<testsuite hostname="SD-IND-L003" failures="0" tests="5" name="SilverDoor.Orbirelo.testcases.EnquiryPageTest" time="77.079" errors="0" timestamp="2022-05-19T21:20:38 IST" skipped="0">
  <testcase classname="SilverDoor.Orbirelo.testcases.EnquiryPageTest" name="submitNewEnquiryFromEnquiryPage" time="18.869"/>
  <system-out/>
  <testcase classname="SilverDoor.Orbirelo.testcases.EnquiryPageTest" name="submitNewEnquiryFromdashboardPage" time="15.960"/>
  <system-out/>
  <testcase classname="SilverDoor.Orbirelo.testcases.EnquiryPageTest" name="submitNewEnquiryFromdashboardPage" time="15.493"/>
  <system-out/>
  <testcase classname="SilverDoor.Orbirelo.testcases.EnquiryPageTest" name="submitNewEnquiryFromEnquiryPage" time="19.189"/>
  <system-out/>
  <testcase classname="SilverDoor.Orbirelo.testcases.EnquiryPageTest" name="validateEnquiryPageTitle" time="7.568"/>
  <system-out/>
</testsuite> <!-- SilverDoor.Orbirelo.testcases.EnquiryPageTest -->
