<?xml version="1.0" encoding="UTF-8"?>
<!-- Generated by org.testng.reporters.JUnitReportReporter -->
<testsuite hostname="SD-IND-L003" failures="0" tests="1" name="SilverDoor.Orbirelo.testcases.ReservationsPageTest" time="32.139" errors="0" timestamp="2022-10-21T00:03:38 IST" skipped="0">
  <testcase classname="SilverDoor.Orbirelo.testcases.ReservationsPageTest" name="getDetailsWithDates_sideMenu" time="32.139"/>
  <system-out/>
</testsuite> <!-- SilverDoor.Orbirelo.testcases.ReservationsPageTest -->
