<?xml version="1.0" encoding="UTF-8"?>
<!-- Generated by org.testng.reporters.JUnitReportReporter -->
<testsuite hostname="SD-IND-L003" failures="0" tests="1" name="SilverDoor.Orbirelo.testcases.ShortListPageTest" time="23.136" errors="0" timestamp="2022-08-24T22:28:53 IST" skipped="0">
  <testcase classname="SilverDoor.Orbirelo.testcases.ShortListPageTest" name="createEnquiryForShortLists" time="23.136"/>
  <system-out/>
</testsuite> <!-- SilverDoor.Orbirelo.testcases.ShortListPageTest -->
