<?xml version="1.0" encoding="UTF-8"?>
<!-- Generated by org.testng.reporters.JUnitReportReporter -->
<testsuite hostname="SD-IND-L003" failures="0" tests="1" name="SilverDoor.Orbirelo.testcases.RebookApartmentPageTest" time="27.331" errors="0" timestamp="2022-10-20T23:42:44 IST" skipped="0">
  <testcase classname="SilverDoor.Orbirelo.testcases.RebookApartmentPageTest" name="clickMakeAnEnquiryAfterUpdateResults" time="27.331"/>
  <system-out/>
</testsuite> <!-- SilverDoor.Orbirelo.testcases.RebookApartmentPageTest -->
