<?xml version="1.0" encoding="UTF-8"?>
<!-- Generated by org.testng.reporters.JUnitReportReporter -->
<testsuite hostname="SD-IND-L003" failures="0" tests="6" name="SilverDoor.Orirelo.testcases.LoginPageTest" time="24.713" errors="0" timestamp="2022-05-05T12:11:08 IST" skipped="1">
  <testcase classname="SilverDoor.Orirelo.testcases.LoginPageTest" name="loginPageTitleTest" time="3.356"/>
  <system-out/>
  <testcase classname="SilverDoor.Orirelo.testcases.LoginPageTest" name="emptyPwdValidationTest" time="4.454"/>
  <system-out/>
  <testcase classname="SilverDoor.Orirelo.testcases.LoginPageTest" name="invalidEmailValidationTest" time="4.585"/>
  <system-out/>
  <testcase classname="SilverDoor.Orirelo.testcases.LoginPageTest" name="invalidPwdValidationTest" time="6.738"/>
  <system-out/>
  <testcase classname="SilverDoor.Orirelo.testcases.LoginPageTest" name="userLoginTest" time="5.580"/>
  <system-out/>
  <testcase classname="SilverDoor.Orirelo.testcases.LoginPageTest" name="emptyCredValidationTest">
    <skipped/>
  </testcase> <!-- emptyCredValidationTest -->
  <system-out/>
</testsuite> <!-- SilverDoor.Orirelo.testcases.LoginPageTest -->
