<?xml version="1.0" encoding="UTF-8"?>
<!-- Generated by org.testng.reporters.JUnitReportReporter -->
<testsuite hostname="SD-IND-L003" failures="0" tests="9" name="SilverDoor.Orbirelo.testcases.MyProfilePageTest" time="92.020" errors="0" timestamp="2022-05-19T21:20:38 IST" skipped="1">
  <testcase classname="SilverDoor.Orbirelo.testcases.MyProfilePageTest" name="editMarketingDetails" time="9.637"/>
  <system-out/>
  <testcase classname="SilverDoor.Orbirelo.testcases.MyProfilePageTest" name="editSecurity" time="10.186"/>
  <system-out/>
  <testcase classname="SilverDoor.Orbirelo.testcases.MyProfilePageTest" name="editAddressDetails" time="10.974"/>
  <system-out/>
  <testcase classname="SilverDoor.Orbirelo.testcases.MyProfilePageTest" name="editContactMethodDetails" time="10.114"/>
  <system-out/>
  <testcase classname="SilverDoor.Orbirelo.testcases.MyProfilePageTest" name="editAddressDetailsUsingAddressSearch" time="23.764"/>
  <system-out/>
  <testcase classname="SilverDoor.Orbirelo.testcases.MyProfilePageTest" name="editSettingDetails" time="10.270"/>
  <system-out/>
  <testcase classname="SilverDoor.Orbirelo.testcases.MyProfilePageTest" name="ValidatePageTitle" time="7.033"/>
  <system-out/>
  <testcase classname="SilverDoor.Orbirelo.testcases.MyProfilePageTest" name="editPersonalDetails" time="10.042"/>
  <system-out/>
  <testcase classname="SilverDoor.Orbirelo.testcases.MyProfilePageTest" name="updateUserPassword">
    <skipped/>
  </testcase> <!-- updateUserPassword -->
  <system-out/>
</testsuite> <!-- SilverDoor.Orbirelo.testcases.MyProfilePageTest -->
