<?xml version="1.0" encoding="UTF-8"?>
<!-- Generated by org.testng.reporters.JUnitReportReporter -->
<testsuite hostname="SD-IND-L003" failures="0" tests="1" name="SilverDoor.Orbirelo.testcases.ServiceRequestPageTest" time="11.474" errors="0" timestamp="2022-06-08T20:44:34 IST" skipped="0">
  <testcase classname="SilverDoor.Orbirelo.testcases.ServiceRequestPageTest" name="submitServiceRequestUsingEnquiryID" time="11.474"/>
  <system-out/>
</testsuite> <!-- SilverDoor.Orbirelo.testcases.ServiceRequestPageTest -->
