<?xml version="1.0" encoding="UTF-8"?>
<!-- Generated by org.testng.reporters.JUnitReportReporter -->
<testsuite hostname="SD-IND-L003" failures="0" tests="9" name="SilverDoor.Orbirelo.testcases.MyProfilePageTest" time="121.101" errors="0" timestamp="2022-10-26T18:43:18 IST" skipped="1">
  <testcase classname="SilverDoor.Orbirelo.testcases.MyProfilePageTest" name="editPersonalDetails" time="13.815"/>
  <system-out/>
  <testcase classname="SilverDoor.Orbirelo.testcases.MyProfilePageTest" name="editAddressDetailsUsingAddressSearch" time="27.318"/>
  <system-out/>
  <testcase classname="SilverDoor.Orbirelo.testcases.MyProfilePageTest" name="ValidatePageTitle" time="11.763"/>
  <system-out/>
  <testcase classname="SilverDoor.Orbirelo.testcases.MyProfilePageTest" name="editSecurity" time="13.275"/>
  <system-out/>
  <testcase classname="SilverDoor.Orbirelo.testcases.MyProfilePageTest" name="editContactMethodDetails" time="13.086"/>
  <system-out/>
  <testcase classname="SilverDoor.Orbirelo.testcases.MyProfilePageTest" name="editAddressDetails" time="14.613"/>
  <system-out/>
  <testcase classname="SilverDoor.Orbirelo.testcases.MyProfilePageTest" name="editSettingDetails" time="13.440"/>
  <system-out/>
  <testcase classname="SilverDoor.Orbirelo.testcases.MyProfilePageTest" name="editMarketingDetails" time="13.791"/>
  <system-out/>
  <testcase classname="SilverDoor.Orbirelo.testcases.MyProfilePageTest" name="updateUserPassword">
    <skipped/>
  </testcase> <!-- updateUserPassword -->
  <system-out/>
</testsuite> <!-- SilverDoor.Orbirelo.testcases.MyProfilePageTest -->
